<?xml version="1.0" encoding="UTF-8"?>
<!-- Generated by org.testng.reporters.JUnitReportReporter -->
<testsuite skipped="0" hostname="bhajandevi" name="com.posttrade.tests.TradeMappingTest" tests="3" failures="0" timestamp="24 Dec 2022 10:19:52 GMT" time="26.675" errors="0">
  <testcase name="loginTestSeller" time="21.277" classname="com.posttrade.tests.TradeMappingTest"/>
  <testcase name="tradeMappingTest" time="2.941" classname="com.posttrade.tests.TradeMappingTest"/>
  <testcase name="tradeSearchTest" time="2.457" classname="com.posttrade.tests.TradeMappingTest"/>
</testsuite> <!-- com.posttrade.tests.TradeMappingTest -->
