<?xml version="1.0" encoding="UTF-8"?>
<!-- Generated by org.testng.reporters.JUnitReportReporter -->
<testsuite skipped="0" hostname="bhajandevi" name="com.ncd.tests.NcdAdmin" tests="2" failures="0" timestamp="24 Dec 2022 10:07:38 GMT" time="81.422" errors="0">
  <testcase name="loginTestAdmin" time="22.076" classname="com.ncd.tests.NcdAdmin"/>
  <testcase name="approveTest" time="59.346" classname="com.ncd.tests.NcdAdmin"/>
</testsuite> <!-- com.ncd.tests.NcdAdmin -->
