<?xml version="1.0" encoding="UTF-8"?>
<!-- Generated by org.testng.reporters.JUnitReportReporter -->
<testsuite skipped="0" hostname="bhajandevi" name="com.ncd.tests.NcdSeller" tests="6" failures="0" timestamp="24 Dec 2022 10:05:04 GMT" time="195.118" errors="0">
  <testcase name="loginTestSeller" time="27.771" classname="com.ncd.tests.NcdSeller"/>
  <testcase name="doBookmark" time="148.552" classname="com.ncd.tests.NcdSeller"/>
  <testcase name="checkNotificationSeller" time="1.474" classname="com.ncd.tests.NcdSeller"/>
  <testcase name="checkStatusSeller" time="6.365" classname="com.ncd.tests.NcdSeller"/>
  <testcase name="checkTradeBook" time="4.162" classname="com.ncd.tests.NcdSeller"/>
  <testcase name="checkMarginBlock" time="6.794" classname="com.ncd.tests.NcdSeller"/>
</testsuite> <!-- com.ncd.tests.NcdSeller -->
