<?xml version="1.0" encoding="UTF-8"?>
<!-- Generated by org.testng.reporters.JUnitReportReporter -->
<testsuite skipped="0" hostname="bhajandevi" name="com.posttrade.tests.SettlementTest" tests="2" failures="0" timestamp="24 Dec 2022 10:43:36 GMT" time="16.280" errors="0">
  <testcase name="loginTestSeller" time="6.835" classname="com.posttrade.tests.SettlementTest"/>
  <testcase name="tradeMappingTest" time="9.445" classname="com.posttrade.tests.SettlementTest"/>
</testsuite> <!-- com.posttrade.tests.SettlementTest -->
