<?xml version="1.0" encoding="UTF-8"?>
<!-- Generated by org.testng.reporters.JUnitReportReporter -->
<testsuite skipped="0" hostname="bhajandevi" name="com.ncd.tests.NCD" tests="7" failures="0" timestamp="29 Oct 2022 07:54:32 GMT" time="465.831" errors="0">
  <testcase name="loginTitleTest" time="2.938" classname="com.ncd.tests.NCD"/>
  <testcase name="loginTestBuyer" time="3.959" classname="com.ncd.tests.NCD"/>
  <testcase name="autionMarket" time="45.373" classname="com.ncd.tests.NCD"/>
  <testcase name="checkStatus" time="391.977" classname="com.ncd.tests.NCD"/>
  <testcase name="checkNotification" time="2.589" classname="com.ncd.tests.NCD"/>
  <testcase name="loginTestSeller" time="18.140" classname="com.ncd.tests.NCD"/>
  <testcase name="doBookmark" time="0.855" classname="com.ncd.tests.NCD"/>
</testsuite> <!-- com.ncd.tests.NCD -->
