<?xml version="1.0" encoding="UTF-8"?>
<!-- Generated by org.testng.reporters.JUnitReportReporter -->
<testsuite skipped="0" hostname="bhajandevi" name="com.ncd.tests.NCD" tests="3" failures="0" timestamp="29 Oct 2022 04:38:34 GMT" time="53.086" errors="0">
  <testcase name="loginTitleTest" time="3.339" classname="com.ncd.tests.NCD"/>
  <testcase name="loginTest" time="4.319" classname="com.ncd.tests.NCD"/>
  <testcase name="autionMarket" time="45.428" classname="com.ncd.tests.NCD"/>
</testsuite> <!-- com.ncd.tests.NCD -->
